<?xml version="1.0" encoding="UTF-8"?>
<!-- Generated by org.testng.reporters.JUnitXMLReporter -->
<testsuite ignored="4" hostname="user-PC" failures="0" tests="4" name="Default test" time="4.655" errors="0" timestamp="2021-05-11T10:40:45 IST">
  <testcase classname="com.flightBooking.tests.FlightBook_Main" name="TC01_BF_Select_DepartAndDestin_Feature" time="1.638"/>
  <testcase classname="com.flightBooking.tests.FlightBook_Main" name="TC02_BF_Select_Flight" time="0.984"/>
  <testcase classname="com.flightBooking.tests.FlightBook_Main" name="TC03_BF_Customer_Mandatory_Details" time="1.467"/>
  <testcase classname="com.flightBooking.tests.FlightBook_Main" name="TC04_BF_Customer_ID_Confirmation" time="0.222"/>
  <testcase classname="com.flightBooking.tests.FlightBook_Setup" name="@AfterSuite AfterSuite" time="0.0">
    <ignored/>
  </testcase> <!-- @AfterSuite AfterSuite -->
  <testcase classname="com.flightBooking.tests.FlightBook_Setup" name="@AfterSuite AfterSuite" time="0.0">
    <ignored/>
  </testcase> <!-- @AfterSuite AfterSuite -->
  <testcase classname="com.flightBooking.tests.FlightBook_Setup" name="@BeforeSuite BeforeSuite" time="0.0">
    <ignored/>
  </testcase> <!-- @BeforeSuite BeforeSuite -->
  <testcase classname="com.flightBooking.tests.FlightBook_Setup" name="@BeforeSuite BeforeSuite" time="0.0">
    <ignored/>
  </testcase> <!-- @BeforeSuite BeforeSuite -->
</testsuite> <!-- Default test -->
